[2024-01-18 16:14:45] local.ERROR: file_put_contents(C:\Users\alexg\OneDrive\Documentos\Projecte 2\gr6-arrua-galindo-jumelle\site\storage\framework/sessions/XVQgMrtHU4DwKBMxRqdlSOvGX09KQipxnGEUy59T): Failed to open stream: No such file or directory {"exception":"[object] (ErrorException(code: 0): file_put_contents(C:\\Users\\alexg\\OneDrive\\Documentos\\Projecte 2\\gr6-arrua-galindo-jumelle\\site\\storage\\framework/sessions/XVQgMrtHU4DwKBMxRqdlSOvGX09KQipxnGEUy59T): Failed to open stream: No such file or directory at C:\\Users\\alexg\\OneDrive\\Documentos\\Projecte 2\\gr6-arrua-galindo-jumelle\\site\\vendor\\laravel\\framework\\src\\Illuminate\\Filesystem\\Filesystem.php:205)
[stacktrace]
#0 C:\\Users\\alexg\\OneDrive\\Documentos\\Projecte 2\\gr6-arrua-galindo-jumelle\\site\\vendor\\laravel\\framework\\src\\Illuminate\\Foundation\\Bootstrap\\HandleExceptions.php(254): Illuminate\\Foundation\\Bootstrap\\HandleExceptions->handleError(2, 'file_put_conten...', 'C:\\\\Users\\\\alexg\\\\...', 205)
#1 [internal function]: Illuminate\\Foundation\\Bootstrap\\HandleExceptions->Illuminate\\Foundation\\Bootstrap\\{closure}(2, 'file_put_conten...', 'C:\\\\Users\\\\alexg\\\\...', 205)
#2 C:\\Users\\alexg\\OneDrive\\Documentos\\Projecte 2\\gr6-arrua-galindo-jumelle\\site\\vendor\\laravel\\framework\\src\\Illuminate\\Filesystem\\Filesystem.php(205): file_put_contents('C:\\\\Users\\\\alexg\\\\...', 'a:3:{s:6:\"_toke...', 2)
#3 C:\\Users\\alexg\\OneDrive\\Documentos\\Projecte 2\\gr6-arrua-galindo-jumelle\\site\\vendor\\laravel\\framework\\src\\Illuminate\\Session\\FileSessionHandler.php(90): Illuminate\\Filesystem\\Filesystem->put('C:\\\\Users\\\\alexg\\\\...', 'a:3:{s:6:\"_toke...', true)
#4 C:\\Users\\alexg\\OneDrive\\Documentos\\Projecte 2\\gr6-arrua-galindo-jumelle\\site\\vendor\\laravel\\framework\\src\\Illuminate\\Session\\Store.php(172): Illuminate\\Session\\FileSessionHandler->write('XVQgMrtHU4DwKBM...', 'a:3:{s:6:\"_toke...')
#5 C:\\Users\\alexg\\OneDrive\\Documentos\\Projecte 2\\gr6-arrua-galindo-jumelle\\site\\vendor\\laravel\\framework\\src\\Illuminate\\Session\\Middleware\\StartSession.php(245): Illuminate\\Session\\Store->save()
#6 C:\\Users\\alexg\\OneDrive\\Documentos\\Projecte 2\\gr6-arrua-galindo-jumelle\\site\\vendor\\laravel\\framework\\src\\Illuminate\\Session\\Middleware\\StartSession.php(130): Illuminate\\Session\\Middleware\\StartSession->saveSession(Object(Illuminate\\Http\\Request))
#7 C:\\Users\\alexg\\OneDrive\\Documentos\\Projecte 2\\gr6-arrua-galindo-jumelle\\site\\vendor\\laravel\\framework\\src\\Illuminate\\Session\\Middleware\\StartSession.php(64): Illuminate\\Session\\Middleware\\StartSession->handleStatefulRequest(Object(Illuminate\\Http\\Request), Object(Illuminate\\Session\\Store), Object(Closure))
#8 C:\\Users\\alexg\\OneDrive\\Documentos\\Projecte 2\\gr6-arrua-galindo-jumelle\\site\\vendor\\laravel\\framework\\src\\Illuminate\\Pipeline\\Pipeline.php(180): Illuminate\\Session\\Middleware\\StartSession->handle(Object(Illuminate\\Http\\Request), Object(Closure))
#9 C:\\Users\\alexg\\OneDrive\\Documentos\\Projecte 2\\gr6-arrua-galindo-jumelle\\site\\vendor\\laravel\\framework\\src\\Illuminate\\Cookie\\Middleware\\AddQueuedCookiesToResponse.php(37): Illuminate\\Pipeline\\Pipeline->Illuminate\\Pipeline\\{closure}(Object(Illuminate\\Http\\Request))
#10 C:\\Users\\alexg\\OneDrive\\Documentos\\Projecte 2\\gr6-arrua-galindo-jumelle\\site\\vendor\\laravel\\framework\\src\\Illuminate\\Pipeline\\Pipeline.php(180): Illuminate\\Cookie\\Middleware\\AddQueuedCookiesToResponse->handle(Object(Illuminate\\Http\\Request), Object(Closure))
#11 C:\\Users\\alexg\\OneDrive\\Documentos\\Projecte 2\\gr6-arrua-galindo-jumelle\\site\\vendor\\laravel\\framework\\src\\Illuminate\\Cookie\\Middleware\\EncryptCookies.php(67): Illuminate\\Pipeline\\Pipeline->Illuminate\\Pipeline\\{closure}(Object(Illuminate\\Http\\Request))
#12 C:\\Users\\alexg\\OneDrive\\Documentos\\Projecte 2\\gr6-arrua-galindo-jumelle\\site\\vendor\\laravel\\framework\\src\\Illuminate\\Pipeline\\Pipeline.php(180): Illuminate\\Cookie\\Middleware\\EncryptCookies->handle(Object(Illuminate\\Http\\Request), Object(Closure))
#13 C:\\Users\\alexg\\OneDrive\\Documentos\\Projecte 2\\gr6-arrua-galindo-jumelle\\site\\vendor\\laravel\\framework\\src\\Illuminate\\Pipeline\\Pipeline.php(116): Illuminate\\Pipeline\\Pipeline->Illuminate\\Pipeline\\{closure}(Object(Illuminate\\Http\\Request))
#14 C:\\Users\\alexg\\OneDrive\\Documentos\\Projecte 2\\gr6-arrua-galindo-jumelle\\site\\vendor\\laravel\\framework\\src\\Illuminate\\Routing\\Router.php(805): Illuminate\\Pipeline\\Pipeline->then(Object(Closure))
#15 C:\\Users\\alexg\\OneDrive\\Documentos\\Projecte 2\\gr6-arrua-galindo-jumelle\\site\\vendor\\laravel\\framework\\src\\Illuminate\\Routing\\Router.php(784): Illuminate\\Routing\\Router->runRouteWithinStack(Object(Illuminate\\Routing\\Route), Object(Illuminate\\Http\\Request))
#16 C:\\Users\\alexg\\OneDrive\\Documentos\\Projecte 2\\gr6-arrua-galindo-jumelle\\site\\vendor\\laravel\\framework\\src\\Illuminate\\Routing\\Router.php(748): Illuminate\\Routing\\Router->runRoute(Object(Illuminate\\Http\\Request), Object(Illuminate\\Routing\\Route))
#17 C:\\Users\\alexg\\OneDrive\\Documentos\\Projecte 2\\gr6-arrua-galindo-jumelle\\site\\vendor\\laravel\\framework\\src\\Illuminate\\Routing\\Router.php(737): Illuminate\\Routing\\Router->dispatchToRoute(Object(Illuminate\\Http\\Request))
#18 C:\\Users\\alexg\\OneDrive\\Documentos\\Projecte 2\\gr6-arrua-galindo-jumelle\\site\\vendor\\laravel\\framework\\src\\Illuminate\\Foundation\\Http\\Kernel.php(200): Illuminate\\Routing\\Router->dispatch(Object(Illuminate\\Http\\Request))
#19 C:\\Users\\alexg\\OneDrive\\Documentos\\Projecte 2\\gr6-arrua-galindo-jumelle\\site\\vendor\\laravel\\framework\\src\\Illuminate\\Pipeline\\Pipeline.php(141): Illuminate\\Foundation\\Http\\Kernel->Illuminate\\Foundation\\Http\\{closure}(Object(Illuminate\\Http\\Request))
#20 C:\\Users\\alexg\\OneDrive\\Documentos\\Projecte 2\\gr6-arrua-galindo-jumelle\\site\\vendor\\laravel\\framework\\src\\Illuminate\\Foundation\\Http\\Middleware\\TransformsRequest.php(21): Illuminate\\Pipeline\\Pipeline->Illuminate\\Pipeline\\{closure}(Object(Illuminate\\Http\\Request))
#21 C:\\Users\\alexg\\OneDrive\\Documentos\\Projecte 2\\gr6-arrua-galindo-jumelle\\site\\vendor\\laravel\\framework\\src\\Illuminate\\Foundation\\Http\\Middleware\\ConvertEmptyStringsToNull.php(31): Illuminate\\Foundation\\Http\\Middleware\\TransformsRequest->handle(Object(Illuminate\\Http\\Request), Object(Closure))
#22 C:\\Users\\alexg\\OneDrive\\Documentos\\Projecte 2\\gr6-arrua-galindo-jumelle\\site\\vendor\\laravel\\framework\\src\\Illuminate\\Pipeline\\Pipeline.php(180): Illuminate\\Foundation\\Http\\Middleware\\ConvertEmptyStringsToNull->handle(Object(Illuminate\\Http\\Request), Object(Closure))
#23 C:\\Users\\alexg\\OneDrive\\Documentos\\Projecte 2\\gr6-arrua-galindo-jumelle\\site\\vendor\\laravel\\framework\\src\\Illuminate\\Foundation\\Http\\Middleware\\TransformsRequest.php(21): Illuminate\\Pipeline\\Pipeline->Illuminate\\Pipeline\\{closure}(Object(Illuminate\\Http\\Request))
#24 C:\\Users\\alexg\\OneDrive\\Documentos\\Projecte 2\\gr6-arrua-galindo-jumelle\\site\\vendor\\laravel\\framework\\src\\Illuminate\\Foundation\\Http\\Middleware\\TrimStrings.php(40): Illuminate\\Foundation\\Http\\Middleware\\TransformsRequest->handle(Object(Illuminate\\Http\\Request), Object(Closure))
#25 C:\\Users\\alexg\\OneDrive\\Documentos\\Projecte 2\\gr6-arrua-galindo-jumelle\\site\\vendor\\laravel\\framework\\src\\Illuminate\\Pipeline\\Pipeline.php(180): Illuminate\\Foundation\\Http\\Middleware\\TrimStrings->handle(Object(Illuminate\\Http\\Request), Object(Closure))
#26 C:\\Users\\alexg\\OneDrive\\Documentos\\Projecte 2\\gr6-arrua-galindo-jumelle\\site\\vendor\\laravel\\framework\\src\\Illuminate\\Foundation\\Http\\Middleware\\ValidatePostSize.php(27): Illuminate\\Pipeline\\Pipeline->Illuminate\\Pipeline\\{closure}(Object(Illuminate\\Http\\Request))
#27 C:\\Users\\alexg\\OneDrive\\Documentos\\Projecte 2\\gr6-arrua-galindo-jumelle\\site\\vendor\\laravel\\framework\\src\\Illuminate\\Pipeline\\Pipeline.php(180): Illuminate\\Foundation\\Http\\Middleware\\ValidatePostSize->handle(Object(Illuminate\\Http\\Request), Object(Closure))
#28 C:\\Users\\alexg\\OneDrive\\Documentos\\Projecte 2\\gr6-arrua-galindo-jumelle\\site\\vendor\\laravel\\framework\\src\\Illuminate\\Foundation\\Http\\Middleware\\PreventRequestsDuringMaintenance.php(99): Illuminate\\Pipeline\\Pipeline->Illuminate\\Pipeline\\{closure}(Object(Illuminate\\Http\\Request))
#29 C:\\Users\\alexg\\OneDrive\\Documentos\\Projecte 2\\gr6-arrua-galindo-jumelle\\site\\vendor\\laravel\\framework\\src\\Illuminate\\Pipeline\\Pipeline.php(180): Illuminate\\Foundation\\Http\\Middleware\\PreventRequestsDuringMaintenance->handle(Object(Illuminate\\Http\\Request), Object(Closure))
#30 C:\\Users\\alexg\\OneDrive\\Documentos\\Projecte 2\\gr6-arrua-galindo-jumelle\\site\\vendor\\laravel\\framework\\src\\Illuminate\\Http\\Middleware\\HandleCors.php(49): Illuminate\\Pipeline\\Pipeline->Illuminate\\Pipeline\\{closure}(Object(Illuminate\\Http\\Request))
#31 C:\\Users\\alexg\\OneDrive\\Documentos\\Projecte 2\\gr6-arrua-galindo-jumelle\\site\\vendor\\laravel\\framework\\src\\Illuminate\\Pipeline\\Pipeline.php(180): Illuminate\\Http\\Middleware\\HandleCors->handle(Object(Illuminate\\Http\\Request), Object(Closure))
#32 C:\\Users\\alexg\\OneDrive\\Documentos\\Projecte 2\\gr6-arrua-galindo-jumelle\\site\\vendor\\laravel\\framework\\src\\Illuminate\\Http\\Middleware\\TrustProxies.php(39): Illuminate\\Pipeline\\Pipeline->Illuminate\\Pipeline\\{closure}(Object(Illuminate\\Http\\Request))
#33 C:\\Users\\alexg\\OneDrive\\Documentos\\Projecte 2\\gr6-arrua-galindo-jumelle\\site\\vendor\\laravel\\framework\\src\\Illuminate\\Pipeline\\Pipeline.php(180): Illuminate\\Http\\Middleware\\TrustProxies->handle(Object(Illuminate\\Http\\Request), Object(Closure))
#34 C:\\Users\\alexg\\OneDrive\\Documentos\\Projecte 2\\gr6-arrua-galindo-jumelle\\site\\vendor\\laravel\\framework\\src\\Illuminate\\Pipeline\\Pipeline.php(116): Illuminate\\Pipeline\\Pipeline->Illuminate\\Pipeline\\{closure}(Object(Illuminate\\Http\\Request))
#35 C:\\Users\\alexg\\OneDrive\\Documentos\\Projecte 2\\gr6-arrua-galindo-jumelle\\site\\vendor\\laravel\\framework\\src\\Illuminate\\Foundation\\Http\\Kernel.php(175): Illuminate\\Pipeline\\Pipeline->then(Object(Closure))
#36 C:\\Users\\alexg\\OneDrive\\Documentos\\Projecte 2\\gr6-arrua-galindo-jumelle\\site\\vendor\\laravel\\framework\\src\\Illuminate\\Foundation\\Http\\Kernel.php(144): Illuminate\\Foundation\\Http\\Kernel->sendRequestThroughRouter(Object(Illuminate\\Http\\Request))
#37 C:\\Users\\alexg\\OneDrive\\Documentos\\Projecte 2\\gr6-arrua-galindo-jumelle\\site\\public\\index.php(51): Illuminate\\Foundation\\Http\\Kernel->handle(Object(Illuminate\\Http\\Request))
#38 C:\\Users\\alexg\\OneDrive\\Documentos\\Projecte 2\\gr6-arrua-galindo-jumelle\\site\\vendor\\laravel\\framework\\src\\Illuminate\\Foundation\\resources\\server.php(16): require_once('C:\\\\Users\\\\alexg\\\\...')
#39 {main}
"} 
[2024-01-18 16:14:48] local.ERROR: file_put_contents(C:\Users\alexg\OneDrive\Documentos\Projecte 2\gr6-arrua-galindo-jumelle\site\storage\framework/sessions/XVQgMrtHU4DwKBMxRqdlSOvGX09KQipxnGEUy59T): Failed to open stream: No such file or directory {"exception":"[object] (ErrorException(code: 0): file_put_contents(C:\\Users\\alexg\\OneDrive\\Documentos\\Projecte 2\\gr6-arrua-galindo-jumelle\\site\\storage\\framework/sessions/XVQgMrtHU4DwKBMxRqdlSOvGX09KQipxnGEUy59T): Failed to open stream: No such file or directory at C:\\Users\\alexg\\OneDrive\\Documentos\\Projecte 2\\gr6-arrua-galindo-jumelle\\site\\vendor\\laravel\\framework\\src\\Illuminate\\Filesystem\\Filesystem.php:205)
[stacktrace]
#0 C:\\Users\\alexg\\OneDrive\\Documentos\\Projecte 2\\gr6-arrua-galindo-jumelle\\site\\vendor\\laravel\\framework\\src\\Illuminate\\Foundation\\Bootstrap\\HandleExceptions.php(254): Illuminate\\Foundation\\Bootstrap\\HandleExceptions->handleError(2, 'file_put_conten...', 'C:\\\\Users\\\\alexg\\\\...', 205)
#1 [internal function]: Illuminate\\Foundation\\Bootstrap\\HandleExceptions->Illuminate\\Foundation\\Bootstrap\\{closure}(2, 'file_put_conten...', 'C:\\\\Users\\\\alexg\\\\...', 205)
#2 C:\\Users\\alexg\\OneDrive\\Documentos\\Projecte 2\\gr6-arrua-galindo-jumelle\\site\\vendor\\laravel\\framework\\src\\Illuminate\\Filesystem\\Filesystem.php(205): file_put_contents('C:\\\\Users\\\\alexg\\\\...', 'a:3:{s:6:\"_toke...', 2)
#3 C:\\Users\\alexg\\OneDrive\\Documentos\\Projecte 2\\gr6-arrua-galindo-jumelle\\site\\vendor\\laravel\\framework\\src\\Illuminate\\Session\\FileSessionHandler.php(90): Illuminate\\Filesystem\\Filesystem->put('C:\\\\Users\\\\alexg\\\\...', 'a:3:{s:6:\"_toke...', true)
#4 C:\\Users\\alexg\\OneDrive\\Documentos\\Projecte 2\\gr6-arrua-galindo-jumelle\\site\\vendor\\laravel\\framework\\src\\Illuminate\\Session\\Store.php(172): Illuminate\\Session\\FileSessionHandler->write('XVQgMrtHU4DwKBM...', 'a:3:{s:6:\"_toke...')
#5 C:\\Users\\alexg\\OneDrive\\Documentos\\Projecte 2\\gr6-arrua-galindo-jumelle\\site\\vendor\\laravel\\framework\\src\\Illuminate\\Session\\Middleware\\StartSession.php(245): Illuminate\\Session\\Store->save()
#6 C:\\Users\\alexg\\OneDrive\\Documentos\\Projecte 2\\gr6-arrua-galindo-jumelle\\site\\vendor\\laravel\\framework\\src\\Illuminate\\Session\\Middleware\\StartSession.php(130): Illuminate\\Session\\Middleware\\StartSession->saveSession(Object(Illuminate\\Http\\Request))
#7 C:\\Users\\alexg\\OneDrive\\Documentos\\Projecte 2\\gr6-arrua-galindo-jumelle\\site\\vendor\\laravel\\framework\\src\\Illuminate\\Session\\Middleware\\StartSession.php(64): Illuminate\\Session\\Middleware\\StartSession->handleStatefulRequest(Object(Illuminate\\Http\\Request), Object(Illuminate\\Session\\Store), Object(Closure))
#8 C:\\Users\\alexg\\OneDrive\\Documentos\\Projecte 2\\gr6-arrua-galindo-jumelle\\site\\vendor\\laravel\\framework\\src\\Illuminate\\Pipeline\\Pipeline.php(180): Illuminate\\Session\\Middleware\\StartSession->handle(Object(Illuminate\\Http\\Request), Object(Closure))
#9 C:\\Users\\alexg\\OneDrive\\Documentos\\Projecte 2\\gr6-arrua-galindo-jumelle\\site\\vendor\\laravel\\framework\\src\\Illuminate\\Cookie\\Middleware\\AddQueuedCookiesToResponse.php(37): Illuminate\\Pipeline\\Pipeline->Illuminate\\Pipeline\\{closure}(Object(Illuminate\\Http\\Request))
#10 C:\\Users\\alexg\\OneDrive\\Documentos\\Projecte 2\\gr6-arrua-galindo-jumelle\\site\\vendor\\laravel\\framework\\src\\Illuminate\\Pipeline\\Pipeline.php(180): Illuminate\\Cookie\\Middleware\\AddQueuedCookiesToResponse->handle(Object(Illuminate\\Http\\Request), Object(Closure))
#11 C:\\Users\\alexg\\OneDrive\\Documentos\\Projecte 2\\gr6-arrua-galindo-jumelle\\site\\vendor\\laravel\\framework\\src\\Illuminate\\Cookie\\Middleware\\EncryptCookies.php(67): Illuminate\\Pipeline\\Pipeline->Illuminate\\Pipeline\\{closure}(Object(Illuminate\\Http\\Request))
#12 C:\\Users\\alexg\\OneDrive\\Documentos\\Projecte 2\\gr6-arrua-galindo-jumelle\\site\\vendor\\laravel\\framework\\src\\Illuminate\\Pipeline\\Pipeline.php(180): Illuminate\\Cookie\\Middleware\\EncryptCookies->handle(Object(Illuminate\\Http\\Request), Object(Closure))
#13 C:\\Users\\alexg\\OneDrive\\Documentos\\Projecte 2\\gr6-arrua-galindo-jumelle\\site\\vendor\\laravel\\framework\\src\\Illuminate\\Pipeline\\Pipeline.php(116): Illuminate\\Pipeline\\Pipeline->Illuminate\\Pipeline\\{closure}(Object(Illuminate\\Http\\Request))
#14 C:\\Users\\alexg\\OneDrive\\Documentos\\Projecte 2\\gr6-arrua-galindo-jumelle\\site\\vendor\\laravel\\framework\\src\\Illuminate\\Routing\\Router.php(805): Illuminate\\Pipeline\\Pipeline->then(Object(Closure))
#15 C:\\Users\\alexg\\OneDrive\\Documentos\\Projecte 2\\gr6-arrua-galindo-jumelle\\site\\vendor\\laravel\\framework\\src\\Illuminate\\Routing\\Router.php(784): Illuminate\\Routing\\Router->runRouteWithinStack(Object(Illuminate\\Routing\\Route), Object(Illuminate\\Http\\Request))
#16 C:\\Users\\alexg\\OneDrive\\Documentos\\Projecte 2\\gr6-arrua-galindo-jumelle\\site\\vendor\\laravel\\framework\\src\\Illuminate\\Routing\\Router.php(748): Illuminate\\Routing\\Router->runRoute(Object(Illuminate\\Http\\Request), Object(Illuminate\\Routing\\Route))
#17 C:\\Users\\alexg\\OneDrive\\Documentos\\Projecte 2\\gr6-arrua-galindo-jumelle\\site\\vendor\\laravel\\framework\\src\\Illuminate\\Routing\\Router.php(737): Illuminate\\Routing\\Router->dispatchToRoute(Object(Illuminate\\Http\\Request))
#18 C:\\Users\\alexg\\OneDrive\\Documentos\\Projecte 2\\gr6-arrua-galindo-jumelle\\site\\vendor\\laravel\\framework\\src\\Illuminate\\Foundation\\Http\\Kernel.php(200): Illuminate\\Routing\\Router->dispatch(Object(Illuminate\\Http\\Request))
#19 C:\\Users\\alexg\\OneDrive\\Documentos\\Projecte 2\\gr6-arrua-galindo-jumelle\\site\\vendor\\laravel\\framework\\src\\Illuminate\\Pipeline\\Pipeline.php(141): Illuminate\\Foundation\\Http\\Kernel->Illuminate\\Foundation\\Http\\{closure}(Object(Illuminate\\Http\\Request))
#20 C:\\Users\\alexg\\OneDrive\\Documentos\\Projecte 2\\gr6-arrua-galindo-jumelle\\site\\vendor\\laravel\\framework\\src\\Illuminate\\Foundation\\Http\\Middleware\\TransformsRequest.php(21): Illuminate\\Pipeline\\Pipeline->Illuminate\\Pipeline\\{closure}(Object(Illuminate\\Http\\Request))
#21 C:\\Users\\alexg\\OneDrive\\Documentos\\Projecte 2\\gr6-arrua-galindo-jumelle\\site\\vendor\\laravel\\framework\\src\\Illuminate\\Foundation\\Http\\Middleware\\ConvertEmptyStringsToNull.php(31): Illuminate\\Foundation\\Http\\Middleware\\TransformsRequest->handle(Object(Illuminate\\Http\\Request), Object(Closure))
#22 C:\\Users\\alexg\\OneDrive\\Documentos\\Projecte 2\\gr6-arrua-galindo-jumelle\\site\\vendor\\laravel\\framework\\src\\Illuminate\\Pipeline\\Pipeline.php(180): Illuminate\\Foundation\\Http\\Middleware\\ConvertEmptyStringsToNull->handle(Object(Illuminate\\Http\\Request), Object(Closure))
#23 C:\\Users\\alexg\\OneDrive\\Documentos\\Projecte 2\\gr6-arrua-galindo-jumelle\\site\\vendor\\laravel\\framework\\src\\Illuminate\\Foundation\\Http\\Middleware\\TransformsRequest.php(21): Illuminate\\Pipeline\\Pipeline->Illuminate\\Pipeline\\{closure}(Object(Illuminate\\Http\\Request))
#24 C:\\Users\\alexg\\OneDrive\\Documentos\\Projecte 2\\gr6-arrua-galindo-jumelle\\site\\vendor\\laravel\\framework\\src\\Illuminate\\Foundation\\Http\\Middleware\\TrimStrings.php(40): Illuminate\\Foundation\\Http\\Middleware\\TransformsRequest->handle(Object(Illuminate\\Http\\Request), Object(Closure))
#25 C:\\Users\\alexg\\OneDrive\\Documentos\\Projecte 2\\gr6-arrua-galindo-jumelle\\site\\vendor\\laravel\\framework\\src\\Illuminate\\Pipeline\\Pipeline.php(180): Illuminate\\Foundation\\Http\\Middleware\\TrimStrings->handle(Object(Illuminate\\Http\\Request), Object(Closure))
#26 C:\\Users\\alexg\\OneDrive\\Documentos\\Projecte 2\\gr6-arrua-galindo-jumelle\\site\\vendor\\laravel\\framework\\src\\Illuminate\\Foundation\\Http\\Middleware\\ValidatePostSize.php(27): Illuminate\\Pipeline\\Pipeline->Illuminate\\Pipeline\\{closure}(Object(Illuminate\\Http\\Request))
#27 C:\\Users\\alexg\\OneDrive\\Documentos\\Projecte 2\\gr6-arrua-galindo-jumelle\\site\\vendor\\laravel\\framework\\src\\Illuminate\\Pipeline\\Pipeline.php(180): Illuminate\\Foundation\\Http\\Middleware\\ValidatePostSize->handle(Object(Illuminate\\Http\\Request), Object(Closure))
#28 C:\\Users\\alexg\\OneDrive\\Documentos\\Projecte 2\\gr6-arrua-galindo-jumelle\\site\\vendor\\laravel\\framework\\src\\Illuminate\\Foundation\\Http\\Middleware\\PreventRequestsDuringMaintenance.php(99): Illuminate\\Pipeline\\Pipeline->Illuminate\\Pipeline\\{closure}(Object(Illuminate\\Http\\Request))
#29 C:\\Users\\alexg\\OneDrive\\Documentos\\Projecte 2\\gr6-arrua-galindo-jumelle\\site\\vendor\\laravel\\framework\\src\\Illuminate\\Pipeline\\Pipeline.php(180): Illuminate\\Foundation\\Http\\Middleware\\PreventRequestsDuringMaintenance->handle(Object(Illuminate\\Http\\Request), Object(Closure))
#30 C:\\Users\\alexg\\OneDrive\\Documentos\\Projecte 2\\gr6-arrua-galindo-jumelle\\site\\vendor\\laravel\\framework\\src\\Illuminate\\Http\\Middleware\\HandleCors.php(49): Illuminate\\Pipeline\\Pipeline->Illuminate\\Pipeline\\{closure}(Object(Illuminate\\Http\\Request))
#31 C:\\Users\\alexg\\OneDrive\\Documentos\\Projecte 2\\gr6-arrua-galindo-jumelle\\site\\vendor\\laravel\\framework\\src\\Illuminate\\Pipeline\\Pipeline.php(180): Illuminate\\Http\\Middleware\\HandleCors->handle(Object(Illuminate\\Http\\Request), Object(Closure))
#32 C:\\Users\\alexg\\OneDrive\\Documentos\\Projecte 2\\gr6-arrua-galindo-jumelle\\site\\vendor\\laravel\\framework\\src\\Illuminate\\Http\\Middleware\\TrustProxies.php(39): Illuminate\\Pipeline\\Pipeline->Illuminate\\Pipeline\\{closure}(Object(Illuminate\\Http\\Request))
#33 C:\\Users\\alexg\\OneDrive\\Documentos\\Projecte 2\\gr6-arrua-galindo-jumelle\\site\\vendor\\laravel\\framework\\src\\Illuminate\\Pipeline\\Pipeline.php(180): Illuminate\\Http\\Middleware\\TrustProxies->handle(Object(Illuminate\\Http\\Request), Object(Closure))
#34 C:\\Users\\alexg\\OneDrive\\Documentos\\Projecte 2\\gr6-arrua-galindo-jumelle\\site\\vendor\\laravel\\framework\\src\\Illuminate\\Pipeline\\Pipeline.php(116): Illuminate\\Pipeline\\Pipeline->Illuminate\\Pipeline\\{closure}(Object(Illuminate\\Http\\Request))
#35 C:\\Users\\alexg\\OneDrive\\Documentos\\Projecte 2\\gr6-arrua-galindo-jumelle\\site\\vendor\\laravel\\framework\\src\\Illuminate\\Foundation\\Http\\Kernel.php(175): Illuminate\\Pipeline\\Pipeline->then(Object(Closure))
#36 C:\\Users\\alexg\\OneDrive\\Documentos\\Projecte 2\\gr6-arrua-galindo-jumelle\\site\\vendor\\laravel\\framework\\src\\Illuminate\\Foundation\\Http\\Kernel.php(144): Illuminate\\Foundation\\Http\\Kernel->sendRequestThroughRouter(Object(Illuminate\\Http\\Request))
#37 C:\\Users\\alexg\\OneDrive\\Documentos\\Projecte 2\\gr6-arrua-galindo-jumelle\\site\\public\\index.php(51): Illuminate\\Foundation\\Http\\Kernel->handle(Object(Illuminate\\Http\\Request))
#38 C:\\Users\\alexg\\OneDrive\\Documentos\\Projecte 2\\gr6-arrua-galindo-jumelle\\site\\vendor\\laravel\\framework\\src\\Illuminate\\Foundation\\resources\\server.php(16): require_once('C:\\\\Users\\\\alexg\\\\...')
#39 {main}
"} 
[2024-01-18 16:15:12] local.ERROR: file_put_contents(C:\Users\alexg\OneDrive\Documentos\Projecte 2\gr6-arrua-galindo-jumelle\site\storage\framework/sessions/XVQgMrtHU4DwKBMxRqdlSOvGX09KQipxnGEUy59T): Failed to open stream: No such file or directory {"exception":"[object] (ErrorException(code: 0): file_put_contents(C:\\Users\\alexg\\OneDrive\\Documentos\\Projecte 2\\gr6-arrua-galindo-jumelle\\site\\storage\\framework/sessions/XVQgMrtHU4DwKBMxRqdlSOvGX09KQipxnGEUy59T): Failed to open stream: No such file or directory at C:\\Users\\alexg\\OneDrive\\Documentos\\Projecte 2\\gr6-arrua-galindo-jumelle\\site\\vendor\\laravel\\framework\\src\\Illuminate\\Filesystem\\Filesystem.php:205)
[stacktrace]
#0 C:\\Users\\alexg\\OneDrive\\Documentos\\Projecte 2\\gr6-arrua-galindo-jumelle\\site\\vendor\\laravel\\framework\\src\\Illuminate\\Foundation\\Bootstrap\\HandleExceptions.php(254): Illuminate\\Foundation\\Bootstrap\\HandleExceptions->handleError(2, 'file_put_conten...', 'C:\\\\Users\\\\alexg\\\\...', 205)
#1 [internal function]: Illuminate\\Foundation\\Bootstrap\\HandleExceptions->Illuminate\\Foundation\\Bootstrap\\{closure}(2, 'file_put_conten...', 'C:\\\\Users\\\\alexg\\\\...', 205)
#2 C:\\Users\\alexg\\OneDrive\\Documentos\\Projecte 2\\gr6-arrua-galindo-jumelle\\site\\vendor\\laravel\\framework\\src\\Illuminate\\Filesystem\\Filesystem.php(205): file_put_contents('C:\\\\Users\\\\alexg\\\\...', 'a:2:{s:6:\"_toke...', 2)
#3 C:\\Users\\alexg\\OneDrive\\Documentos\\Projecte 2\\gr6-arrua-galindo-jumelle\\site\\vendor\\laravel\\framework\\src\\Illuminate\\Session\\FileSessionHandler.php(90): Illuminate\\Filesystem\\Filesystem->put('C:\\\\Users\\\\alexg\\\\...', 'a:2:{s:6:\"_toke...', true)
#4 C:\\Users\\alexg\\OneDrive\\Documentos\\Projecte 2\\gr6-arrua-galindo-jumelle\\site\\vendor\\laravel\\framework\\src\\Illuminate\\Session\\Store.php(172): Illuminate\\Session\\FileSessionHandler->write('XVQgMrtHU4DwKBM...', 'a:2:{s:6:\"_toke...')
#5 C:\\Users\\alexg\\OneDrive\\Documentos\\Projecte 2\\gr6-arrua-galindo-jumelle\\site\\vendor\\laravel\\framework\\src\\Illuminate\\Session\\Middleware\\StartSession.php(245): Illuminate\\Session\\Store->save()
#6 C:\\Users\\alexg\\OneDrive\\Documentos\\Projecte 2\\gr6-arrua-galindo-jumelle\\site\\vendor\\laravel\\framework\\src\\Illuminate\\Session\\Middleware\\StartSession.php(130): Illuminate\\Session\\Middleware\\StartSession->saveSession(Object(Illuminate\\Http\\Request))
#7 C:\\Users\\alexg\\OneDrive\\Documentos\\Projecte 2\\gr6-arrua-galindo-jumelle\\site\\vendor\\laravel\\framework\\src\\Illuminate\\Session\\Middleware\\StartSession.php(64): Illuminate\\Session\\Middleware\\StartSession->handleStatefulRequest(Object(Illuminate\\Http\\Request), Object(Illuminate\\Session\\Store), Object(Closure))
#8 C:\\Users\\alexg\\OneDrive\\Documentos\\Projecte 2\\gr6-arrua-galindo-jumelle\\site\\vendor\\laravel\\framework\\src\\Illuminate\\Pipeline\\Pipeline.php(180): Illuminate\\Session\\Middleware\\StartSession->handle(Object(Illuminate\\Http\\Request), Object(Closure))
#9 C:\\Users\\alexg\\OneDrive\\Documentos\\Projecte 2\\gr6-arrua-galindo-jumelle\\site\\vendor\\laravel\\framework\\src\\Illuminate\\Cookie\\Middleware\\AddQueuedCookiesToResponse.php(37): Illuminate\\Pipeline\\Pipeline->Illuminate\\Pipeline\\{closure}(Object(Illuminate\\Http\\Request))
#10 C:\\Users\\alexg\\OneDrive\\Documentos\\Projecte 2\\gr6-arrua-galindo-jumelle\\site\\vendor\\laravel\\framework\\src\\Illuminate\\Pipeline\\Pipeline.php(180): Illuminate\\Cookie\\Middleware\\AddQueuedCookiesToResponse->handle(Object(Illuminate\\Http\\Request), Object(Closure))
#11 C:\\Users\\alexg\\OneDrive\\Documentos\\Projecte 2\\gr6-arrua-galindo-jumelle\\site\\vendor\\laravel\\framework\\src\\Illuminate\\Cookie\\Middleware\\EncryptCookies.php(67): Illuminate\\Pipeline\\Pipeline->Illuminate\\Pipeline\\{closure}(Object(Illuminate\\Http\\Request))
#12 C:\\Users\\alexg\\OneDrive\\Documentos\\Projecte 2\\gr6-arrua-galindo-jumelle\\site\\vendor\\laravel\\framework\\src\\Illuminate\\Pipeline\\Pipeline.php(180): Illuminate\\Cookie\\Middleware\\EncryptCookies->handle(Object(Illuminate\\Http\\Request), Object(Closure))
#13 C:\\Users\\alexg\\OneDrive\\Documentos\\Projecte 2\\gr6-arrua-galindo-jumelle\\site\\vendor\\laravel\\framework\\src\\Illuminate\\Pipeline\\Pipeline.php(116): Illuminate\\Pipeline\\Pipeline->Illuminate\\Pipeline\\{closure}(Object(Illuminate\\Http\\Request))
#14 C:\\Users\\alexg\\OneDrive\\Documentos\\Projecte 2\\gr6-arrua-galindo-jumelle\\site\\vendor\\laravel\\framework\\src\\Illuminate\\Routing\\Router.php(805): Illuminate\\Pipeline\\Pipeline->then(Object(Closure))
#15 C:\\Users\\alexg\\OneDrive\\Documentos\\Projecte 2\\gr6-arrua-galindo-jumelle\\site\\vendor\\laravel\\framework\\src\\Illuminate\\Routing\\Router.php(784): Illuminate\\Routing\\Router->runRouteWithinStack(Object(Illuminate\\Routing\\Route), Object(Illuminate\\Http\\Request))
#16 C:\\Users\\alexg\\OneDrive\\Documentos\\Projecte 2\\gr6-arrua-galindo-jumelle\\site\\vendor\\laravel\\framework\\src\\Illuminate\\Routing\\Router.php(748): Illuminate\\Routing\\Router->runRoute(Object(Illuminate\\Http\\Request), Object(Illuminate\\Routing\\Route))
#17 C:\\Users\\alexg\\OneDrive\\Documentos\\Projecte 2\\gr6-arrua-galindo-jumelle\\site\\vendor\\laravel\\framework\\src\\Illuminate\\Routing\\Router.php(737): Illuminate\\Routing\\Router->dispatchToRoute(Object(Illuminate\\Http\\Request))
#18 C:\\Users\\alexg\\OneDrive\\Documentos\\Projecte 2\\gr6-arrua-galindo-jumelle\\site\\vendor\\laravel\\framework\\src\\Illuminate\\Foundation\\Http\\Kernel.php(200): Illuminate\\Routing\\Router->dispatch(Object(Illuminate\\Http\\Request))
#19 C:\\Users\\alexg\\OneDrive\\Documentos\\Projecte 2\\gr6-arrua-galindo-jumelle\\site\\vendor\\laravel\\framework\\src\\Illuminate\\Pipeline\\Pipeline.php(141): Illuminate\\Foundation\\Http\\Kernel->Illuminate\\Foundation\\Http\\{closure}(Object(Illuminate\\Http\\Request))
#20 C:\\Users\\alexg\\OneDrive\\Documentos\\Projecte 2\\gr6-arrua-galindo-jumelle\\site\\vendor\\laravel\\framework\\src\\Illuminate\\Foundation\\Http\\Middleware\\TransformsRequest.php(21): Illuminate\\Pipeline\\Pipeline->Illuminate\\Pipeline\\{closure}(Object(Illuminate\\Http\\Request))
#21 C:\\Users\\alexg\\OneDrive\\Documentos\\Projecte 2\\gr6-arrua-galindo-jumelle\\site\\vendor\\laravel\\framework\\src\\Illuminate\\Foundation\\Http\\Middleware\\ConvertEmptyStringsToNull.php(31): Illuminate\\Foundation\\Http\\Middleware\\TransformsRequest->handle(Object(Illuminate\\Http\\Request), Object(Closure))
#22 C:\\Users\\alexg\\OneDrive\\Documentos\\Projecte 2\\gr6-arrua-galindo-jumelle\\site\\vendor\\laravel\\framework\\src\\Illuminate\\Pipeline\\Pipeline.php(180): Illuminate\\Foundation\\Http\\Middleware\\ConvertEmptyStringsToNull->handle(Object(Illuminate\\Http\\Request), Object(Closure))
#23 C:\\Users\\alexg\\OneDrive\\Documentos\\Projecte 2\\gr6-arrua-galindo-jumelle\\site\\vendor\\laravel\\framework\\src\\Illuminate\\Foundation\\Http\\Middleware\\TransformsRequest.php(21): Illuminate\\Pipeline\\Pipeline->Illuminate\\Pipeline\\{closure}(Object(Illuminate\\Http\\Request))
#24 C:\\Users\\alexg\\OneDrive\\Documentos\\Projecte 2\\gr6-arrua-galindo-jumelle\\site\\vendor\\laravel\\framework\\src\\Illuminate\\Foundation\\Http\\Middleware\\TrimStrings.php(40): Illuminate\\Foundation\\Http\\Middleware\\TransformsRequest->handle(Object(Illuminate\\Http\\Request), Object(Closure))
#25 C:\\Users\\alexg\\OneDrive\\Documentos\\Projecte 2\\gr6-arrua-galindo-jumelle\\site\\vendor\\laravel\\framework\\src\\Illuminate\\Pipeline\\Pipeline.php(180): Illuminate\\Foundation\\Http\\Middleware\\TrimStrings->handle(Object(Illuminate\\Http\\Request), Object(Closure))
#26 C:\\Users\\alexg\\OneDrive\\Documentos\\Projecte 2\\gr6-arrua-galindo-jumelle\\site\\vendor\\laravel\\framework\\src\\Illuminate\\Foundation\\Http\\Middleware\\ValidatePostSize.php(27): Illuminate\\Pipeline\\Pipeline->Illuminate\\Pipeline\\{closure}(Object(Illuminate\\Http\\Request))
#27 C:\\Users\\alexg\\OneDrive\\Documentos\\Projecte 2\\gr6-arrua-galindo-jumelle\\site\\vendor\\laravel\\framework\\src\\Illuminate\\Pipeline\\Pipeline.php(180): Illuminate\\Foundation\\Http\\Middleware\\ValidatePostSize->handle(Object(Illuminate\\Http\\Request), Object(Closure))
#28 C:\\Users\\alexg\\OneDrive\\Documentos\\Projecte 2\\gr6-arrua-galindo-jumelle\\site\\vendor\\laravel\\framework\\src\\Illuminate\\Foundation\\Http\\Middleware\\PreventRequestsDuringMaintenance.php(99): Illuminate\\Pipeline\\Pipeline->Illuminate\\Pipeline\\{closure}(Object(Illuminate\\Http\\Request))
#29 C:\\Users\\alexg\\OneDrive\\Documentos\\Projecte 2\\gr6-arrua-galindo-jumelle\\site\\vendor\\laravel\\framework\\src\\Illuminate\\Pipeline\\Pipeline.php(180): Illuminate\\Foundation\\Http\\Middleware\\PreventRequestsDuringMaintenance->handle(Object(Illuminate\\Http\\Request), Object(Closure))
#30 C:\\Users\\alexg\\OneDrive\\Documentos\\Projecte 2\\gr6-arrua-galindo-jumelle\\site\\vendor\\laravel\\framework\\src\\Illuminate\\Http\\Middleware\\HandleCors.php(49): Illuminate\\Pipeline\\Pipeline->Illuminate\\Pipeline\\{closure}(Object(Illuminate\\Http\\Request))
#31 C:\\Users\\alexg\\OneDrive\\Documentos\\Projecte 2\\gr6-arrua-galindo-jumelle\\site\\vendor\\laravel\\framework\\src\\Illuminate\\Pipeline\\Pipeline.php(180): Illuminate\\Http\\Middleware\\HandleCors->handle(Object(Illuminate\\Http\\Request), Object(Closure))
#32 C:\\Users\\alexg\\OneDrive\\Documentos\\Projecte 2\\gr6-arrua-galindo-jumelle\\site\\vendor\\laravel\\framework\\src\\Illuminate\\Http\\Middleware\\TrustProxies.php(39): Illuminate\\Pipeline\\Pipeline->Illuminate\\Pipeline\\{closure}(Object(Illuminate\\Http\\Request))
#33 C:\\Users\\alexg\\OneDrive\\Documentos\\Projecte 2\\gr6-arrua-galindo-jumelle\\site\\vendor\\laravel\\framework\\src\\Illuminate\\Pipeline\\Pipeline.php(180): Illuminate\\Http\\Middleware\\TrustProxies->handle(Object(Illuminate\\Http\\Request), Object(Closure))
#34 C:\\Users\\alexg\\OneDrive\\Documentos\\Projecte 2\\gr6-arrua-galindo-jumelle\\site\\vendor\\laravel\\framework\\src\\Illuminate\\Pipeline\\Pipeline.php(116): Illuminate\\Pipeline\\Pipeline->Illuminate\\Pipeline\\{closure}(Object(Illuminate\\Http\\Request))
#35 C:\\Users\\alexg\\OneDrive\\Documentos\\Projecte 2\\gr6-arrua-galindo-jumelle\\site\\vendor\\laravel\\framework\\src\\Illuminate\\Foundation\\Http\\Kernel.php(175): Illuminate\\Pipeline\\Pipeline->then(Object(Closure))
#36 C:\\Users\\alexg\\OneDrive\\Documentos\\Projecte 2\\gr6-arrua-galindo-jumelle\\site\\vendor\\laravel\\framework\\src\\Illuminate\\Foundation\\Http\\Kernel.php(144): Illuminate\\Foundation\\Http\\Kernel->sendRequestThroughRouter(Object(Illuminate\\Http\\Request))
#37 C:\\Users\\alexg\\OneDrive\\Documentos\\Projecte 2\\gr6-arrua-galindo-jumelle\\site\\public\\index.php(51): Illuminate\\Foundation\\Http\\Kernel->handle(Object(Illuminate\\Http\\Request))
#38 C:\\Users\\alexg\\OneDrive\\Documentos\\Projecte 2\\gr6-arrua-galindo-jumelle\\site\\vendor\\laravel\\framework\\src\\Illuminate\\Foundation\\resources\\server.php(16): require_once('C:\\\\Users\\\\alexg\\\\...')
#39 {main}
"} 
[2024-01-18 16:16:06] local.ERROR: file_put_contents(C:\Users\alexg\OneDrive\Documentos\Projecte 2\gr6-arrua-galindo-jumelle\site\storage\framework/sessions/XVQgMrtHU4DwKBMxRqdlSOvGX09KQipxnGEUy59T): Failed to open stream: No such file or directory {"exception":"[object] (ErrorException(code: 0): file_put_contents(C:\\Users\\alexg\\OneDrive\\Documentos\\Projecte 2\\gr6-arrua-galindo-jumelle\\site\\storage\\framework/sessions/XVQgMrtHU4DwKBMxRqdlSOvGX09KQipxnGEUy59T): Failed to open stream: No such file or directory at C:\\Users\\alexg\\OneDrive\\Documentos\\Projecte 2\\gr6-arrua-galindo-jumelle\\site\\vendor\\laravel\\framework\\src\\Illuminate\\Filesystem\\Filesystem.php:205)
[stacktrace]
#0 C:\\Users\\alexg\\OneDrive\\Documentos\\Projecte 2\\gr6-arrua-galindo-jumelle\\site\\vendor\\laravel\\framework\\src\\Illuminate\\Foundation\\Bootstrap\\HandleExceptions.php(254): Illuminate\\Foundation\\Bootstrap\\HandleExceptions->handleError(2, 'file_put_conten...', 'C:\\\\Users\\\\alexg\\\\...', 205)
#1 [internal function]: Illuminate\\Foundation\\Bootstrap\\HandleExceptions->Illuminate\\Foundation\\Bootstrap\\{closure}(2, 'file_put_conten...', 'C:\\\\Users\\\\alexg\\\\...', 205)
#2 C:\\Users\\alexg\\OneDrive\\Documentos\\Projecte 2\\gr6-arrua-galindo-jumelle\\site\\vendor\\laravel\\framework\\src\\Illuminate\\Filesystem\\Filesystem.php(205): file_put_contents('C:\\\\Users\\\\alexg\\\\...', 'a:2:{s:6:\"_toke...', 2)
#3 C:\\Users\\alexg\\OneDrive\\Documentos\\Projecte 2\\gr6-arrua-galindo-jumelle\\site\\vendor\\laravel\\framework\\src\\Illuminate\\Session\\FileSessionHandler.php(90): Illuminate\\Filesystem\\Filesystem->put('C:\\\\Users\\\\alexg\\\\...', 'a:2:{s:6:\"_toke...', true)
#4 C:\\Users\\alexg\\OneDrive\\Documentos\\Projecte 2\\gr6-arrua-galindo-jumelle\\site\\vendor\\laravel\\framework\\src\\Illuminate\\Session\\Store.php(172): Illuminate\\Session\\FileSessionHandler->write('XVQgMrtHU4DwKBM...', 'a:2:{s:6:\"_toke...')
#5 C:\\Users\\alexg\\OneDrive\\Documentos\\Projecte 2\\gr6-arrua-galindo-jumelle\\site\\vendor\\laravel\\framework\\src\\Illuminate\\Session\\Middleware\\StartSession.php(245): Illuminate\\Session\\Store->save()
#6 C:\\Users\\alexg\\OneDrive\\Documentos\\Projecte 2\\gr6-arrua-galindo-jumelle\\site\\vendor\\laravel\\framework\\src\\Illuminate\\Session\\Middleware\\StartSession.php(130): Illuminate\\Session\\Middleware\\StartSession->saveSession(Object(Illuminate\\Http\\Request))
#7 C:\\Users\\alexg\\OneDrive\\Documentos\\Projecte 2\\gr6-arrua-galindo-jumelle\\site\\vendor\\laravel\\framework\\src\\Illuminate\\Session\\Middleware\\StartSession.php(64): Illuminate\\Session\\Middleware\\StartSession->handleStatefulRequest(Object(Illuminate\\Http\\Request), Object(Illuminate\\Session\\Store), Object(Closure))
#8 C:\\Users\\alexg\\OneDrive\\Documentos\\Projecte 2\\gr6-arrua-galindo-jumelle\\site\\vendor\\laravel\\framework\\src\\Illuminate\\Pipeline\\Pipeline.php(180): Illuminate\\Session\\Middleware\\StartSession->handle(Object(Illuminate\\Http\\Request), Object(Closure))
#9 C:\\Users\\alexg\\OneDrive\\Documentos\\Projecte 2\\gr6-arrua-galindo-jumelle\\site\\vendor\\laravel\\framework\\src\\Illuminate\\Cookie\\Middleware\\AddQueuedCookiesToResponse.php(37): Illuminate\\Pipeline\\Pipeline->Illuminate\\Pipeline\\{closure}(Object(Illuminate\\Http\\Request))
#10 C:\\Users\\alexg\\OneDrive\\Documentos\\Projecte 2\\gr6-arrua-galindo-jumelle\\site\\vendor\\laravel\\framework\\src\\Illuminate\\Pipeline\\Pipeline.php(180): Illuminate\\Cookie\\Middleware\\AddQueuedCookiesToResponse->handle(Object(Illuminate\\Http\\Request), Object(Closure))
#11 C:\\Users\\alexg\\OneDrive\\Documentos\\Projecte 2\\gr6-arrua-galindo-jumelle\\site\\vendor\\laravel\\framework\\src\\Illuminate\\Cookie\\Middleware\\EncryptCookies.php(67): Illuminate\\Pipeline\\Pipeline->Illuminate\\Pipeline\\{closure}(Object(Illuminate\\Http\\Request))
#12 C:\\Users\\alexg\\OneDrive\\Documentos\\Projecte 2\\gr6-arrua-galindo-jumelle\\site\\vendor\\laravel\\framework\\src\\Illuminate\\Pipeline\\Pipeline.php(180): Illuminate\\Cookie\\Middleware\\EncryptCookies->handle(Object(Illuminate\\Http\\Request), Object(Closure))
#13 C:\\Users\\alexg\\OneDrive\\Documentos\\Projecte 2\\gr6-arrua-galindo-jumelle\\site\\vendor\\laravel\\framework\\src\\Illuminate\\Pipeline\\Pipeline.php(116): Illuminate\\Pipeline\\Pipeline->Illuminate\\Pipeline\\{closure}(Object(Illuminate\\Http\\Request))
#14 C:\\Users\\alexg\\OneDrive\\Documentos\\Projecte 2\\gr6-arrua-galindo-jumelle\\site\\vendor\\laravel\\framework\\src\\Illuminate\\Routing\\Router.php(805): Illuminate\\Pipeline\\Pipeline->then(Object(Closure))
#15 C:\\Users\\alexg\\OneDrive\\Documentos\\Projecte 2\\gr6-arrua-galindo-jumelle\\site\\vendor\\laravel\\framework\\src\\Illuminate\\Routing\\Router.php(784): Illuminate\\Routing\\Router->runRouteWithinStack(Object(Illuminate\\Routing\\Route), Object(Illuminate\\Http\\Request))
#16 C:\\Users\\alexg\\OneDrive\\Documentos\\Projecte 2\\gr6-arrua-galindo-jumelle\\site\\vendor\\laravel\\framework\\src\\Illuminate\\Routing\\Router.php(748): Illuminate\\Routing\\Router->runRoute(Object(Illuminate\\Http\\Request), Object(Illuminate\\Routing\\Route))
#17 C:\\Users\\alexg\\OneDrive\\Documentos\\Projecte 2\\gr6-arrua-galindo-jumelle\\site\\vendor\\laravel\\framework\\src\\Illuminate\\Routing\\Router.php(737): Illuminate\\Routing\\Router->dispatchToRoute(Object(Illuminate\\Http\\Request))
#18 C:\\Users\\alexg\\OneDrive\\Documentos\\Projecte 2\\gr6-arrua-galindo-jumelle\\site\\vendor\\laravel\\framework\\src\\Illuminate\\Foundation\\Http\\Kernel.php(200): Illuminate\\Routing\\Router->dispatch(Object(Illuminate\\Http\\Request))
#19 C:\\Users\\alexg\\OneDrive\\Documentos\\Projecte 2\\gr6-arrua-galindo-jumelle\\site\\vendor\\laravel\\framework\\src\\Illuminate\\Pipeline\\Pipeline.php(141): Illuminate\\Foundation\\Http\\Kernel->Illuminate\\Foundation\\Http\\{closure}(Object(Illuminate\\Http\\Request))
#20 C:\\Users\\alexg\\OneDrive\\Documentos\\Projecte 2\\gr6-arrua-galindo-jumelle\\site\\vendor\\laravel\\framework\\src\\Illuminate\\Foundation\\Http\\Middleware\\TransformsRequest.php(21): Illuminate\\Pipeline\\Pipeline->Illuminate\\Pipeline\\{closure}(Object(Illuminate\\Http\\Request))
#21 C:\\Users\\alexg\\OneDrive\\Documentos\\Projecte 2\\gr6-arrua-galindo-jumelle\\site\\vendor\\laravel\\framework\\src\\Illuminate\\Foundation\\Http\\Middleware\\ConvertEmptyStringsToNull.php(31): Illuminate\\Foundation\\Http\\Middleware\\TransformsRequest->handle(Object(Illuminate\\Http\\Request), Object(Closure))
#22 C:\\Users\\alexg\\OneDrive\\Documentos\\Projecte 2\\gr6-arrua-galindo-jumelle\\site\\vendor\\laravel\\framework\\src\\Illuminate\\Pipeline\\Pipeline.php(180): Illuminate\\Foundation\\Http\\Middleware\\ConvertEmptyStringsToNull->handle(Object(Illuminate\\Http\\Request), Object(Closure))
#23 C:\\Users\\alexg\\OneDrive\\Documentos\\Projecte 2\\gr6-arrua-galindo-jumelle\\site\\vendor\\laravel\\framework\\src\\Illuminate\\Foundation\\Http\\Middleware\\TransformsRequest.php(21): Illuminate\\Pipeline\\Pipeline->Illuminate\\Pipeline\\{closure}(Object(Illuminate\\Http\\Request))
#24 C:\\Users\\alexg\\OneDrive\\Documentos\\Projecte 2\\gr6-arrua-galindo-jumelle\\site\\vendor\\laravel\\framework\\src\\Illuminate\\Foundation\\Http\\Middleware\\TrimStrings.php(40): Illuminate\\Foundation\\Http\\Middleware\\TransformsRequest->handle(Object(Illuminate\\Http\\Request), Object(Closure))
#25 C:\\Users\\alexg\\OneDrive\\Documentos\\Projecte 2\\gr6-arrua-galindo-jumelle\\site\\vendor\\laravel\\framework\\src\\Illuminate\\Pipeline\\Pipeline.php(180): Illuminate\\Foundation\\Http\\Middleware\\TrimStrings->handle(Object(Illuminate\\Http\\Request), Object(Closure))
#26 C:\\Users\\alexg\\OneDrive\\Documentos\\Projecte 2\\gr6-arrua-galindo-jumelle\\site\\vendor\\laravel\\framework\\src\\Illuminate\\Foundation\\Http\\Middleware\\ValidatePostSize.php(27): Illuminate\\Pipeline\\Pipeline->Illuminate\\Pipeline\\{closure}(Object(Illuminate\\Http\\Request))
#27 C:\\Users\\alexg\\OneDrive\\Documentos\\Projecte 2\\gr6-arrua-galindo-jumelle\\site\\vendor\\laravel\\framework\\src\\Illuminate\\Pipeline\\Pipeline.php(180): Illuminate\\Foundation\\Http\\Middleware\\ValidatePostSize->handle(Object(Illuminate\\Http\\Request), Object(Closure))
#28 C:\\Users\\alexg\\OneDrive\\Documentos\\Projecte 2\\gr6-arrua-galindo-jumelle\\site\\vendor\\laravel\\framework\\src\\Illuminate\\Foundation\\Http\\Middleware\\PreventRequestsDuringMaintenance.php(99): Illuminate\\Pipeline\\Pipeline->Illuminate\\Pipeline\\{closure}(Object(Illuminate\\Http\\Request))
#29 C:\\Users\\alexg\\OneDrive\\Documentos\\Projecte 2\\gr6-arrua-galindo-jumelle\\site\\vendor\\laravel\\framework\\src\\Illuminate\\Pipeline\\Pipeline.php(180): Illuminate\\Foundation\\Http\\Middleware\\PreventRequestsDuringMaintenance->handle(Object(Illuminate\\Http\\Request), Object(Closure))
#30 C:\\Users\\alexg\\OneDrive\\Documentos\\Projecte 2\\gr6-arrua-galindo-jumelle\\site\\vendor\\laravel\\framework\\src\\Illuminate\\Http\\Middleware\\HandleCors.php(49): Illuminate\\Pipeline\\Pipeline->Illuminate\\Pipeline\\{closure}(Object(Illuminate\\Http\\Request))
#31 C:\\Users\\alexg\\OneDrive\\Documentos\\Projecte 2\\gr6-arrua-galindo-jumelle\\site\\vendor\\laravel\\framework\\src\\Illuminate\\Pipeline\\Pipeline.php(180): Illuminate\\Http\\Middleware\\HandleCors->handle(Object(Illuminate\\Http\\Request), Object(Closure))
#32 C:\\Users\\alexg\\OneDrive\\Documentos\\Projecte 2\\gr6-arrua-galindo-jumelle\\site\\vendor\\laravel\\framework\\src\\Illuminate\\Http\\Middleware\\TrustProxies.php(39): Illuminate\\Pipeline\\Pipeline->Illuminate\\Pipeline\\{closure}(Object(Illuminate\\Http\\Request))
#33 C:\\Users\\alexg\\OneDrive\\Documentos\\Projecte 2\\gr6-arrua-galindo-jumelle\\site\\vendor\\laravel\\framework\\src\\Illuminate\\Pipeline\\Pipeline.php(180): Illuminate\\Http\\Middleware\\TrustProxies->handle(Object(Illuminate\\Http\\Request), Object(Closure))
#34 C:\\Users\\alexg\\OneDrive\\Documentos\\Projecte 2\\gr6-arrua-galindo-jumelle\\site\\vendor\\laravel\\framework\\src\\Illuminate\\Pipeline\\Pipeline.php(116): Illuminate\\Pipeline\\Pipeline->Illuminate\\Pipeline\\{closure}(Object(Illuminate\\Http\\Request))
#35 C:\\Users\\alexg\\OneDrive\\Documentos\\Projecte 2\\gr6-arrua-galindo-jumelle\\site\\vendor\\laravel\\framework\\src\\Illuminate\\Foundation\\Http\\Kernel.php(175): Illuminate\\Pipeline\\Pipeline->then(Object(Closure))
#36 C:\\Users\\alexg\\OneDrive\\Documentos\\Projecte 2\\gr6-arrua-galindo-jumelle\\site\\vendor\\laravel\\framework\\src\\Illuminate\\Foundation\\Http\\Kernel.php(144): Illuminate\\Foundation\\Http\\Kernel->sendRequestThroughRouter(Object(Illuminate\\Http\\Request))
#37 C:\\Users\\alexg\\OneDrive\\Documentos\\Projecte 2\\gr6-arrua-galindo-jumelle\\site\\public\\index.php(51): Illuminate\\Foundation\\Http\\Kernel->handle(Object(Illuminate\\Http\\Request))
#38 C:\\Users\\alexg\\OneDrive\\Documentos\\Projecte 2\\gr6-arrua-galindo-jumelle\\site\\vendor\\laravel\\framework\\src\\Illuminate\\Foundation\\resources\\server.php(16): require_once('C:\\\\Users\\\\alexg\\\\...')
#39 {main}
"} 
[2024-01-18 16:16:15] local.ERROR: file_put_contents(C:\Users\alexg\OneDrive\Documentos\Projecte 2\gr6-arrua-galindo-jumelle\site\storage\framework/sessions/XVQgMrtHU4DwKBMxRqdlSOvGX09KQipxnGEUy59T): Failed to open stream: No such file or directory {"exception":"[object] (ErrorException(code: 0): file_put_contents(C:\\Users\\alexg\\OneDrive\\Documentos\\Projecte 2\\gr6-arrua-galindo-jumelle\\site\\storage\\framework/sessions/XVQgMrtHU4DwKBMxRqdlSOvGX09KQipxnGEUy59T): Failed to open stream: No such file or directory at C:\\Users\\alexg\\OneDrive\\Documentos\\Projecte 2\\gr6-arrua-galindo-jumelle\\site\\vendor\\laravel\\framework\\src\\Illuminate\\Filesystem\\Filesystem.php:205)
[stacktrace]
#0 C:\\Users\\alexg\\OneDrive\\Documentos\\Projecte 2\\gr6-arrua-galindo-jumelle\\site\\vendor\\laravel\\framework\\src\\Illuminate\\Foundation\\Bootstrap\\HandleExceptions.php(254): Illuminate\\Foundation\\Bootstrap\\HandleExceptions->handleError(2, 'file_put_conten...', 'C:\\\\Users\\\\alexg\\\\...', 205)
#1 [internal function]: Illuminate\\Foundation\\Bootstrap\\HandleExceptions->Illuminate\\Foundation\\Bootstrap\\{closure}(2, 'file_put_conten...', 'C:\\\\Users\\\\alexg\\\\...', 205)
#2 C:\\Users\\alexg\\OneDrive\\Documentos\\Projecte 2\\gr6-arrua-galindo-jumelle\\site\\vendor\\laravel\\framework\\src\\Illuminate\\Filesystem\\Filesystem.php(205): file_put_contents('C:\\\\Users\\\\alexg\\\\...', 'a:3:{s:6:\"_toke...', 2)
#3 C:\\Users\\alexg\\OneDrive\\Documentos\\Projecte 2\\gr6-arrua-galindo-jumelle\\site\\vendor\\laravel\\framework\\src\\Illuminate\\Session\\FileSessionHandler.php(90): Illuminate\\Filesystem\\Filesystem->put('C:\\\\Users\\\\alexg\\\\...', 'a:3:{s:6:\"_toke...', true)
#4 C:\\Users\\alexg\\OneDrive\\Documentos\\Projecte 2\\gr6-arrua-galindo-jumelle\\site\\vendor\\laravel\\framework\\src\\Illuminate\\Session\\Store.php(172): Illuminate\\Session\\FileSessionHandler->write('XVQgMrtHU4DwKBM...', 'a:3:{s:6:\"_toke...')
#5 C:\\Users\\alexg\\OneDrive\\Documentos\\Projecte 2\\gr6-arrua-galindo-jumelle\\site\\vendor\\laravel\\framework\\src\\Illuminate\\Session\\Middleware\\StartSession.php(245): Illuminate\\Session\\Store->save()
#6 C:\\Users\\alexg\\OneDrive\\Documentos\\Projecte 2\\gr6-arrua-galindo-jumelle\\site\\vendor\\laravel\\framework\\src\\Illuminate\\Session\\Middleware\\StartSession.php(130): Illuminate\\Session\\Middleware\\StartSession->saveSession(Object(Illuminate\\Http\\Request))
#7 C:\\Users\\alexg\\OneDrive\\Documentos\\Projecte 2\\gr6-arrua-galindo-jumelle\\site\\vendor\\laravel\\framework\\src\\Illuminate\\Session\\Middleware\\StartSession.php(64): Illuminate\\Session\\Middleware\\StartSession->handleStatefulRequest(Object(Illuminate\\Http\\Request), Object(Illuminate\\Session\\Store), Object(Closure))
#8 C:\\Users\\alexg\\OneDrive\\Documentos\\Projecte 2\\gr6-arrua-galindo-jumelle\\site\\vendor\\laravel\\framework\\src\\Illuminate\\Pipeline\\Pipeline.php(180): Illuminate\\Session\\Middleware\\StartSession->handle(Object(Illuminate\\Http\\Request), Object(Closure))
#9 C:\\Users\\alexg\\OneDrive\\Documentos\\Projecte 2\\gr6-arrua-galindo-jumelle\\site\\vendor\\laravel\\framework\\src\\Illuminate\\Cookie\\Middleware\\AddQueuedCookiesToResponse.php(37): Illuminate\\Pipeline\\Pipeline->Illuminate\\Pipeline\\{closure}(Object(Illuminate\\Http\\Request))
#10 C:\\Users\\alexg\\OneDrive\\Documentos\\Projecte 2\\gr6-arrua-galindo-jumelle\\site\\vendor\\laravel\\framework\\src\\Illuminate\\Pipeline\\Pipeline.php(180): Illuminate\\Cookie\\Middleware\\AddQueuedCookiesToResponse->handle(Object(Illuminate\\Http\\Request), Object(Closure))
#11 C:\\Users\\alexg\\OneDrive\\Documentos\\Projecte 2\\gr6-arrua-galindo-jumelle\\site\\vendor\\laravel\\framework\\src\\Illuminate\\Cookie\\Middleware\\EncryptCookies.php(67): Illuminate\\Pipeline\\Pipeline->Illuminate\\Pipeline\\{closure}(Object(Illuminate\\Http\\Request))
#12 C:\\Users\\alexg\\OneDrive\\Documentos\\Projecte 2\\gr6-arrua-galindo-jumelle\\site\\vendor\\laravel\\framework\\src\\Illuminate\\Pipeline\\Pipeline.php(180): Illuminate\\Cookie\\Middleware\\EncryptCookies->handle(Object(Illuminate\\Http\\Request), Object(Closure))
#13 C:\\Users\\alexg\\OneDrive\\Documentos\\Projecte 2\\gr6-arrua-galindo-jumelle\\site\\vendor\\laravel\\framework\\src\\Illuminate\\Pipeline\\Pipeline.php(116): Illuminate\\Pipeline\\Pipeline->Illuminate\\Pipeline\\{closure}(Object(Illuminate\\Http\\Request))
#14 C:\\Users\\alexg\\OneDrive\\Documentos\\Projecte 2\\gr6-arrua-galindo-jumelle\\site\\vendor\\laravel\\framework\\src\\Illuminate\\Routing\\Router.php(805): Illuminate\\Pipeline\\Pipeline->then(Object(Closure))
#15 C:\\Users\\alexg\\OneDrive\\Documentos\\Projecte 2\\gr6-arrua-galindo-jumelle\\site\\vendor\\laravel\\framework\\src\\Illuminate\\Routing\\Router.php(784): Illuminate\\Routing\\Router->runRouteWithinStack(Object(Illuminate\\Routing\\Route), Object(Illuminate\\Http\\Request))
#16 C:\\Users\\alexg\\OneDrive\\Documentos\\Projecte 2\\gr6-arrua-galindo-jumelle\\site\\vendor\\laravel\\framework\\src\\Illuminate\\Routing\\Router.php(748): Illuminate\\Routing\\Router->runRoute(Object(Illuminate\\Http\\Request), Object(Illuminate\\Routing\\Route))
#17 C:\\Users\\alexg\\OneDrive\\Documentos\\Projecte 2\\gr6-arrua-galindo-jumelle\\site\\vendor\\laravel\\framework\\src\\Illuminate\\Routing\\Router.php(737): Illuminate\\Routing\\Router->dispatchToRoute(Object(Illuminate\\Http\\Request))
#18 C:\\Users\\alexg\\OneDrive\\Documentos\\Projecte 2\\gr6-arrua-galindo-jumelle\\site\\vendor\\laravel\\framework\\src\\Illuminate\\Foundation\\Http\\Kernel.php(200): Illuminate\\Routing\\Router->dispatch(Object(Illuminate\\Http\\Request))
#19 C:\\Users\\alexg\\OneDrive\\Documentos\\Projecte 2\\gr6-arrua-galindo-jumelle\\site\\vendor\\laravel\\framework\\src\\Illuminate\\Pipeline\\Pipeline.php(141): Illuminate\\Foundation\\Http\\Kernel->Illuminate\\Foundation\\Http\\{closure}(Object(Illuminate\\Http\\Request))
#20 C:\\Users\\alexg\\OneDrive\\Documentos\\Projecte 2\\gr6-arrua-galindo-jumelle\\site\\vendor\\laravel\\framework\\src\\Illuminate\\Foundation\\Http\\Middleware\\TransformsRequest.php(21): Illuminate\\Pipeline\\Pipeline->Illuminate\\Pipeline\\{closure}(Object(Illuminate\\Http\\Request))
#21 C:\\Users\\alexg\\OneDrive\\Documentos\\Projecte 2\\gr6-arrua-galindo-jumelle\\site\\vendor\\laravel\\framework\\src\\Illuminate\\Foundation\\Http\\Middleware\\ConvertEmptyStringsToNull.php(31): Illuminate\\Foundation\\Http\\Middleware\\TransformsRequest->handle(Object(Illuminate\\Http\\Request), Object(Closure))
#22 C:\\Users\\alexg\\OneDrive\\Documentos\\Projecte 2\\gr6-arrua-galindo-jumelle\\site\\vendor\\laravel\\framework\\src\\Illuminate\\Pipeline\\Pipeline.php(180): Illuminate\\Foundation\\Http\\Middleware\\ConvertEmptyStringsToNull->handle(Object(Illuminate\\Http\\Request), Object(Closure))
#23 C:\\Users\\alexg\\OneDrive\\Documentos\\Projecte 2\\gr6-arrua-galindo-jumelle\\site\\vendor\\laravel\\framework\\src\\Illuminate\\Foundation\\Http\\Middleware\\TransformsRequest.php(21): Illuminate\\Pipeline\\Pipeline->Illuminate\\Pipeline\\{closure}(Object(Illuminate\\Http\\Request))
#24 C:\\Users\\alexg\\OneDrive\\Documentos\\Projecte 2\\gr6-arrua-galindo-jumelle\\site\\vendor\\laravel\\framework\\src\\Illuminate\\Foundation\\Http\\Middleware\\TrimStrings.php(40): Illuminate\\Foundation\\Http\\Middleware\\TransformsRequest->handle(Object(Illuminate\\Http\\Request), Object(Closure))
#25 C:\\Users\\alexg\\OneDrive\\Documentos\\Projecte 2\\gr6-arrua-galindo-jumelle\\site\\vendor\\laravel\\framework\\src\\Illuminate\\Pipeline\\Pipeline.php(180): Illuminate\\Foundation\\Http\\Middleware\\TrimStrings->handle(Object(Illuminate\\Http\\Request), Object(Closure))
#26 C:\\Users\\alexg\\OneDrive\\Documentos\\Projecte 2\\gr6-arrua-galindo-jumelle\\site\\vendor\\laravel\\framework\\src\\Illuminate\\Foundation\\Http\\Middleware\\ValidatePostSize.php(27): Illuminate\\Pipeline\\Pipeline->Illuminate\\Pipeline\\{closure}(Object(Illuminate\\Http\\Request))
#27 C:\\Users\\alexg\\OneDrive\\Documentos\\Projecte 2\\gr6-arrua-galindo-jumelle\\site\\vendor\\laravel\\framework\\src\\Illuminate\\Pipeline\\Pipeline.php(180): Illuminate\\Foundation\\Http\\Middleware\\ValidatePostSize->handle(Object(Illuminate\\Http\\Request), Object(Closure))
#28 C:\\Users\\alexg\\OneDrive\\Documentos\\Projecte 2\\gr6-arrua-galindo-jumelle\\site\\vendor\\laravel\\framework\\src\\Illuminate\\Foundation\\Http\\Middleware\\PreventRequestsDuringMaintenance.php(99): Illuminate\\Pipeline\\Pipeline->Illuminate\\Pipeline\\{closure}(Object(Illuminate\\Http\\Request))
#29 C:\\Users\\alexg\\OneDrive\\Documentos\\Projecte 2\\gr6-arrua-galindo-jumelle\\site\\vendor\\laravel\\framework\\src\\Illuminate\\Pipeline\\Pipeline.php(180): Illuminate\\Foundation\\Http\\Middleware\\PreventRequestsDuringMaintenance->handle(Object(Illuminate\\Http\\Request), Object(Closure))
#30 C:\\Users\\alexg\\OneDrive\\Documentos\\Projecte 2\\gr6-arrua-galindo-jumelle\\site\\vendor\\laravel\\framework\\src\\Illuminate\\Http\\Middleware\\HandleCors.php(49): Illuminate\\Pipeline\\Pipeline->Illuminate\\Pipeline\\{closure}(Object(Illuminate\\Http\\Request))
#31 C:\\Users\\alexg\\OneDrive\\Documentos\\Projecte 2\\gr6-arrua-galindo-jumelle\\site\\vendor\\laravel\\framework\\src\\Illuminate\\Pipeline\\Pipeline.php(180): Illuminate\\Http\\Middleware\\HandleCors->handle(Object(Illuminate\\Http\\Request), Object(Closure))
#32 C:\\Users\\alexg\\OneDrive\\Documentos\\Projecte 2\\gr6-arrua-galindo-jumelle\\site\\vendor\\laravel\\framework\\src\\Illuminate\\Http\\Middleware\\TrustProxies.php(39): Illuminate\\Pipeline\\Pipeline->Illuminate\\Pipeline\\{closure}(Object(Illuminate\\Http\\Request))
#33 C:\\Users\\alexg\\OneDrive\\Documentos\\Projecte 2\\gr6-arrua-galindo-jumelle\\site\\vendor\\laravel\\framework\\src\\Illuminate\\Pipeline\\Pipeline.php(180): Illuminate\\Http\\Middleware\\TrustProxies->handle(Object(Illuminate\\Http\\Request), Object(Closure))
#34 C:\\Users\\alexg\\OneDrive\\Documentos\\Projecte 2\\gr6-arrua-galindo-jumelle\\site\\vendor\\laravel\\framework\\src\\Illuminate\\Pipeline\\Pipeline.php(116): Illuminate\\Pipeline\\Pipeline->Illuminate\\Pipeline\\{closure}(Object(Illuminate\\Http\\Request))
#35 C:\\Users\\alexg\\OneDrive\\Documentos\\Projecte 2\\gr6-arrua-galindo-jumelle\\site\\vendor\\laravel\\framework\\src\\Illuminate\\Foundation\\Http\\Kernel.php(175): Illuminate\\Pipeline\\Pipeline->then(Object(Closure))
#36 C:\\Users\\alexg\\OneDrive\\Documentos\\Projecte 2\\gr6-arrua-galindo-jumelle\\site\\vendor\\laravel\\framework\\src\\Illuminate\\Foundation\\Http\\Kernel.php(144): Illuminate\\Foundation\\Http\\Kernel->sendRequestThroughRouter(Object(Illuminate\\Http\\Request))
#37 C:\\Users\\alexg\\OneDrive\\Documentos\\Projecte 2\\gr6-arrua-galindo-jumelle\\site\\public\\index.php(51): Illuminate\\Foundation\\Http\\Kernel->handle(Object(Illuminate\\Http\\Request))
#38 C:\\Users\\alexg\\OneDrive\\Documentos\\Projecte 2\\gr6-arrua-galindo-jumelle\\site\\vendor\\laravel\\framework\\src\\Illuminate\\Foundation\\resources\\server.php(16): require_once('C:\\\\Users\\\\alexg\\\\...')
#39 {main}
"} 
[2024-01-18 16:17:32] local.ERROR: file_put_contents(C:\Users\alexg\OneDrive\Documentos\Projecte 2\gr6-arrua-galindo-jumelle\site\storage\framework/sessions/XVQgMrtHU4DwKBMxRqdlSOvGX09KQipxnGEUy59T): Failed to open stream: No such file or directory {"exception":"[object] (ErrorException(code: 0): file_put_contents(C:\\Users\\alexg\\OneDrive\\Documentos\\Projecte 2\\gr6-arrua-galindo-jumelle\\site\\storage\\framework/sessions/XVQgMrtHU4DwKBMxRqdlSOvGX09KQipxnGEUy59T): Failed to open stream: No such file or directory at C:\\Users\\alexg\\OneDrive\\Documentos\\Projecte 2\\gr6-arrua-galindo-jumelle\\site\\vendor\\laravel\\framework\\src\\Illuminate\\Filesystem\\Filesystem.php:205)
[stacktrace]
#0 C:\\Users\\alexg\\OneDrive\\Documentos\\Projecte 2\\gr6-arrua-galindo-jumelle\\site\\vendor\\laravel\\framework\\src\\Illuminate\\Foundation\\Bootstrap\\HandleExceptions.php(254): Illuminate\\Foundation\\Bootstrap\\HandleExceptions->handleError(2, 'file_put_conten...', 'C:\\\\Users\\\\alexg\\\\...', 205)
#1 [internal function]: Illuminate\\Foundation\\Bootstrap\\HandleExceptions->Illuminate\\Foundation\\Bootstrap\\{closure}(2, 'file_put_conten...', 'C:\\\\Users\\\\alexg\\\\...', 205)
#2 C:\\Users\\alexg\\OneDrive\\Documentos\\Projecte 2\\gr6-arrua-galindo-jumelle\\site\\vendor\\laravel\\framework\\src\\Illuminate\\Filesystem\\Filesystem.php(205): file_put_contents('C:\\\\Users\\\\alexg\\\\...', 'a:2:{s:6:\"_toke...', 2)
#3 C:\\Users\\alexg\\OneDrive\\Documentos\\Projecte 2\\gr6-arrua-galindo-jumelle\\site\\vendor\\laravel\\framework\\src\\Illuminate\\Session\\FileSessionHandler.php(90): Illuminate\\Filesystem\\Filesystem->put('C:\\\\Users\\\\alexg\\\\...', 'a:2:{s:6:\"_toke...', true)
#4 C:\\Users\\alexg\\OneDrive\\Documentos\\Projecte 2\\gr6-arrua-galindo-jumelle\\site\\vendor\\laravel\\framework\\src\\Illuminate\\Session\\Store.php(172): Illuminate\\Session\\FileSessionHandler->write('XVQgMrtHU4DwKBM...', 'a:2:{s:6:\"_toke...')
#5 C:\\Users\\alexg\\OneDrive\\Documentos\\Projecte 2\\gr6-arrua-galindo-jumelle\\site\\vendor\\laravel\\framework\\src\\Illuminate\\Session\\Middleware\\StartSession.php(245): Illuminate\\Session\\Store->save()
#6 C:\\Users\\alexg\\OneDrive\\Documentos\\Projecte 2\\gr6-arrua-galindo-jumelle\\site\\vendor\\laravel\\framework\\src\\Illuminate\\Session\\Middleware\\StartSession.php(130): Illuminate\\Session\\Middleware\\StartSession->saveSession(Object(Illuminate\\Http\\Request))
#7 C:\\Users\\alexg\\OneDrive\\Documentos\\Projecte 2\\gr6-arrua-galindo-jumelle\\site\\vendor\\laravel\\framework\\src\\Illuminate\\Session\\Middleware\\StartSession.php(64): Illuminate\\Session\\Middleware\\StartSession->handleStatefulRequest(Object(Illuminate\\Http\\Request), Object(Illuminate\\Session\\Store), Object(Closure))
#8 C:\\Users\\alexg\\OneDrive\\Documentos\\Projecte 2\\gr6-arrua-galindo-jumelle\\site\\vendor\\laravel\\framework\\src\\Illuminate\\Pipeline\\Pipeline.php(180): Illuminate\\Session\\Middleware\\StartSession->handle(Object(Illuminate\\Http\\Request), Object(Closure))
#9 C:\\Users\\alexg\\OneDrive\\Documentos\\Projecte 2\\gr6-arrua-galindo-jumelle\\site\\vendor\\laravel\\framework\\src\\Illuminate\\Cookie\\Middleware\\AddQueuedCookiesToResponse.php(37): Illuminate\\Pipeline\\Pipeline->Illuminate\\Pipeline\\{closure}(Object(Illuminate\\Http\\Request))
#10 C:\\Users\\alexg\\OneDrive\\Documentos\\Projecte 2\\gr6-arrua-galindo-jumelle\\site\\vendor\\laravel\\framework\\src\\Illuminate\\Pipeline\\Pipeline.php(180): Illuminate\\Cookie\\Middleware\\AddQueuedCookiesToResponse->handle(Object(Illuminate\\Http\\Request), Object(Closure))
#11 C:\\Users\\alexg\\OneDrive\\Documentos\\Projecte 2\\gr6-arrua-galindo-jumelle\\site\\vendor\\laravel\\framework\\src\\Illuminate\\Cookie\\Middleware\\EncryptCookies.php(67): Illuminate\\Pipeline\\Pipeline->Illuminate\\Pipeline\\{closure}(Object(Illuminate\\Http\\Request))
#12 C:\\Users\\alexg\\OneDrive\\Documentos\\Projecte 2\\gr6-arrua-galindo-jumelle\\site\\vendor\\laravel\\framework\\src\\Illuminate\\Pipeline\\Pipeline.php(180): Illuminate\\Cookie\\Middleware\\EncryptCookies->handle(Object(Illuminate\\Http\\Request), Object(Closure))
#13 C:\\Users\\alexg\\OneDrive\\Documentos\\Projecte 2\\gr6-arrua-galindo-jumelle\\site\\vendor\\laravel\\framework\\src\\Illuminate\\Pipeline\\Pipeline.php(116): Illuminate\\Pipeline\\Pipeline->Illuminate\\Pipeline\\{closure}(Object(Illuminate\\Http\\Request))
#14 C:\\Users\\alexg\\OneDrive\\Documentos\\Projecte 2\\gr6-arrua-galindo-jumelle\\site\\vendor\\laravel\\framework\\src\\Illuminate\\Routing\\Router.php(805): Illuminate\\Pipeline\\Pipeline->then(Object(Closure))
#15 C:\\Users\\alexg\\OneDrive\\Documentos\\Projecte 2\\gr6-arrua-galindo-jumelle\\site\\vendor\\laravel\\framework\\src\\Illuminate\\Routing\\Router.php(784): Illuminate\\Routing\\Router->runRouteWithinStack(Object(Illuminate\\Routing\\Route), Object(Illuminate\\Http\\Request))
#16 C:\\Users\\alexg\\OneDrive\\Documentos\\Projecte 2\\gr6-arrua-galindo-jumelle\\site\\vendor\\laravel\\framework\\src\\Illuminate\\Routing\\Router.php(748): Illuminate\\Routing\\Router->runRoute(Object(Illuminate\\Http\\Request), Object(Illuminate\\Routing\\Route))
#17 C:\\Users\\alexg\\OneDrive\\Documentos\\Projecte 2\\gr6-arrua-galindo-jumelle\\site\\vendor\\laravel\\framework\\src\\Illuminate\\Routing\\Router.php(737): Illuminate\\Routing\\Router->dispatchToRoute(Object(Illuminate\\Http\\Request))
#18 C:\\Users\\alexg\\OneDrive\\Documentos\\Projecte 2\\gr6-arrua-galindo-jumelle\\site\\vendor\\laravel\\framework\\src\\Illuminate\\Foundation\\Http\\Kernel.php(200): Illuminate\\Routing\\Router->dispatch(Object(Illuminate\\Http\\Request))
#19 C:\\Users\\alexg\\OneDrive\\Documentos\\Projecte 2\\gr6-arrua-galindo-jumelle\\site\\vendor\\laravel\\framework\\src\\Illuminate\\Pipeline\\Pipeline.php(141): Illuminate\\Foundation\\Http\\Kernel->Illuminate\\Foundation\\Http\\{closure}(Object(Illuminate\\Http\\Request))
#20 C:\\Users\\alexg\\OneDrive\\Documentos\\Projecte 2\\gr6-arrua-galindo-jumelle\\site\\vendor\\laravel\\framework\\src\\Illuminate\\Foundation\\Http\\Middleware\\TransformsRequest.php(21): Illuminate\\Pipeline\\Pipeline->Illuminate\\Pipeline\\{closure}(Object(Illuminate\\Http\\Request))
#21 C:\\Users\\alexg\\OneDrive\\Documentos\\Projecte 2\\gr6-arrua-galindo-jumelle\\site\\vendor\\laravel\\framework\\src\\Illuminate\\Foundation\\Http\\Middleware\\ConvertEmptyStringsToNull.php(31): Illuminate\\Foundation\\Http\\Middleware\\TransformsRequest->handle(Object(Illuminate\\Http\\Request), Object(Closure))
#22 C:\\Users\\alexg\\OneDrive\\Documentos\\Projecte 2\\gr6-arrua-galindo-jumelle\\site\\vendor\\laravel\\framework\\src\\Illuminate\\Pipeline\\Pipeline.php(180): Illuminate\\Foundation\\Http\\Middleware\\ConvertEmptyStringsToNull->handle(Object(Illuminate\\Http\\Request), Object(Closure))
#23 C:\\Users\\alexg\\OneDrive\\Documentos\\Projecte 2\\gr6-arrua-galindo-jumelle\\site\\vendor\\laravel\\framework\\src\\Illuminate\\Foundation\\Http\\Middleware\\TransformsRequest.php(21): Illuminate\\Pipeline\\Pipeline->Illuminate\\Pipeline\\{closure}(Object(Illuminate\\Http\\Request))
#24 C:\\Users\\alexg\\OneDrive\\Documentos\\Projecte 2\\gr6-arrua-galindo-jumelle\\site\\vendor\\laravel\\framework\\src\\Illuminate\\Foundation\\Http\\Middleware\\TrimStrings.php(40): Illuminate\\Foundation\\Http\\Middleware\\TransformsRequest->handle(Object(Illuminate\\Http\\Request), Object(Closure))
#25 C:\\Users\\alexg\\OneDrive\\Documentos\\Projecte 2\\gr6-arrua-galindo-jumelle\\site\\vendor\\laravel\\framework\\src\\Illuminate\\Pipeline\\Pipeline.php(180): Illuminate\\Foundation\\Http\\Middleware\\TrimStrings->handle(Object(Illuminate\\Http\\Request), Object(Closure))
#26 C:\\Users\\alexg\\OneDrive\\Documentos\\Projecte 2\\gr6-arrua-galindo-jumelle\\site\\vendor\\laravel\\framework\\src\\Illuminate\\Foundation\\Http\\Middleware\\ValidatePostSize.php(27): Illuminate\\Pipeline\\Pipeline->Illuminate\\Pipeline\\{closure}(Object(Illuminate\\Http\\Request))
#27 C:\\Users\\alexg\\OneDrive\\Documentos\\Projecte 2\\gr6-arrua-galindo-jumelle\\site\\vendor\\laravel\\framework\\src\\Illuminate\\Pipeline\\Pipeline.php(180): Illuminate\\Foundation\\Http\\Middleware\\ValidatePostSize->handle(Object(Illuminate\\Http\\Request), Object(Closure))
#28 C:\\Users\\alexg\\OneDrive\\Documentos\\Projecte 2\\gr6-arrua-galindo-jumelle\\site\\vendor\\laravel\\framework\\src\\Illuminate\\Foundation\\Http\\Middleware\\PreventRequestsDuringMaintenance.php(99): Illuminate\\Pipeline\\Pipeline->Illuminate\\Pipeline\\{closure}(Object(Illuminate\\Http\\Request))
#29 C:\\Users\\alexg\\OneDrive\\Documentos\\Projecte 2\\gr6-arrua-galindo-jumelle\\site\\vendor\\laravel\\framework\\src\\Illuminate\\Pipeline\\Pipeline.php(180): Illuminate\\Foundation\\Http\\Middleware\\PreventRequestsDuringMaintenance->handle(Object(Illuminate\\Http\\Request), Object(Closure))
#30 C:\\Users\\alexg\\OneDrive\\Documentos\\Projecte 2\\gr6-arrua-galindo-jumelle\\site\\vendor\\laravel\\framework\\src\\Illuminate\\Http\\Middleware\\HandleCors.php(49): Illuminate\\Pipeline\\Pipeline->Illuminate\\Pipeline\\{closure}(Object(Illuminate\\Http\\Request))
#31 C:\\Users\\alexg\\OneDrive\\Documentos\\Projecte 2\\gr6-arrua-galindo-jumelle\\site\\vendor\\laravel\\framework\\src\\Illuminate\\Pipeline\\Pipeline.php(180): Illuminate\\Http\\Middleware\\HandleCors->handle(Object(Illuminate\\Http\\Request), Object(Closure))
#32 C:\\Users\\alexg\\OneDrive\\Documentos\\Projecte 2\\gr6-arrua-galindo-jumelle\\site\\vendor\\laravel\\framework\\src\\Illuminate\\Http\\Middleware\\TrustProxies.php(39): Illuminate\\Pipeline\\Pipeline->Illuminate\\Pipeline\\{closure}(Object(Illuminate\\Http\\Request))
#33 C:\\Users\\alexg\\OneDrive\\Documentos\\Projecte 2\\gr6-arrua-galindo-jumelle\\site\\vendor\\laravel\\framework\\src\\Illuminate\\Pipeline\\Pipeline.php(180): Illuminate\\Http\\Middleware\\TrustProxies->handle(Object(Illuminate\\Http\\Request), Object(Closure))
#34 C:\\Users\\alexg\\OneDrive\\Documentos\\Projecte 2\\gr6-arrua-galindo-jumelle\\site\\vendor\\laravel\\framework\\src\\Illuminate\\Pipeline\\Pipeline.php(116): Illuminate\\Pipeline\\Pipeline->Illuminate\\Pipeline\\{closure}(Object(Illuminate\\Http\\Request))
#35 C:\\Users\\alexg\\OneDrive\\Documentos\\Projecte 2\\gr6-arrua-galindo-jumelle\\site\\vendor\\laravel\\framework\\src\\Illuminate\\Foundation\\Http\\Kernel.php(175): Illuminate\\Pipeline\\Pipeline->then(Object(Closure))
#36 C:\\Users\\alexg\\OneDrive\\Documentos\\Projecte 2\\gr6-arrua-galindo-jumelle\\site\\vendor\\laravel\\framework\\src\\Illuminate\\Foundation\\Http\\Kernel.php(144): Illuminate\\Foundation\\Http\\Kernel->sendRequestThroughRouter(Object(Illuminate\\Http\\Request))
#37 C:\\Users\\alexg\\OneDrive\\Documentos\\Projecte 2\\gr6-arrua-galindo-jumelle\\site\\public\\index.php(51): Illuminate\\Foundation\\Http\\Kernel->handle(Object(Illuminate\\Http\\Request))
#38 C:\\Users\\alexg\\OneDrive\\Documentos\\Projecte 2\\gr6-arrua-galindo-jumelle\\site\\vendor\\laravel\\framework\\src\\Illuminate\\Foundation\\resources\\server.php(16): require_once('C:\\\\Users\\\\alexg\\\\...')
#39 {main}
"} 
